000 (626.000.000) 05/20 09:19:58 Job submitted from host: <165.132.104.117:9618?addrs=165.132.104.117-9618&noUDP&sock=21260_7bf6_3>
...
001 (626.000.000) 05/20 09:21:01 Job executing on host: <165.132.104.116:9618?addrs=165.132.104.116-9618&noUDP&sock=13699_4462_3>
...
006 (626.000.000) 05/20 09:21:04 Image size of job updated: 528
	0  -  MemoryUsage of job (MB)
	0  -  ResidentSetSize of job (KB)
...
005 (626.000.000) 05/20 09:21:04 Job terminated.
	(1) Normal termination (return value 0)
		Usr 0 00:00:02, Sys 0 00:00:01  -  Run Remote Usage
		Usr 0 00:00:00, Sys 0 00:00:00  -  Run Local Usage
		Usr 0 00:00:02, Sys 0 00:00:01  -  Total Remote Usage
		Usr 0 00:00:00, Sys 0 00:00:00  -  Total Local Usage
	315  -  Run Bytes Sent By Job
	134501280  -  Run Bytes Received By Job
	315  -  Total Bytes Sent By Job
	134501280  -  Total Bytes Received By Job
	Partitionable Resources :    Usage  Request Allocated 
	   Cpus                 :        0       16        16 
	   Disk (KB)            :   131364   150000 439862272 
	   Memory (MB)          :        0        1      1024 
...
000 (651.000.000) 05/20 14:32:00 Job submitted from host: <165.132.104.117:9618?addrs=165.132.104.117-9618&noUDP&sock=21260_7bf6_3>
...
001 (651.000.000) 05/20 14:33:03 Job executing on host: <165.132.104.116:9618?addrs=165.132.104.116-9618&noUDP&sock=13699_4462_3>
...
006 (651.000.000) 05/20 14:33:06 Image size of job updated: 40352
	0  -  MemoryUsage of job (MB)
	0  -  ResidentSetSize of job (KB)
...
005 (651.000.000) 05/20 14:33:07 Job terminated.
	(1) Normal termination (return value 0)
		Usr 0 00:00:02, Sys 0 00:00:01  -  Run Remote Usage
		Usr 0 00:00:00, Sys 0 00:00:00  -  Run Local Usage
		Usr 0 00:00:02, Sys 0 00:00:01  -  Total Remote Usage
		Usr 0 00:00:00, Sys 0 00:00:00  -  Total Local Usage
	315  -  Run Bytes Sent By Job
	134501280  -  Run Bytes Received By Job
	315  -  Total Bytes Sent By Job
	134501280  -  Total Bytes Received By Job
	Partitionable Resources :    Usage  Request Allocated 
	   Cpus                 :        0       16        16 
	   Disk (KB)            :   131364   150000 439862272 
	   Memory (MB)          :        0        1      1024 
...
000 (652.000.000) 05/20 14:33:27 Job submitted from host: <165.132.104.117:9618?addrs=165.132.104.117-9618&noUDP&sock=21260_7bf6_3>
...
001 (652.000.000) 05/20 14:34:03 Job executing on host: <165.132.104.116:9618?addrs=165.132.104.116-9618&noUDP&sock=13699_4462_3>
...
006 (652.000.000) 05/20 14:34:06 Image size of job updated: 200
	0  -  MemoryUsage of job (MB)
	0  -  ResidentSetSize of job (KB)
...
005 (652.000.000) 05/20 14:34:06 Job terminated.
	(1) Normal termination (return value 0)
		Usr 0 00:00:02, Sys 0 00:00:02  -  Run Remote Usage
		Usr 0 00:00:00, Sys 0 00:00:00  -  Run Local Usage
		Usr 0 00:00:02, Sys 0 00:00:02  -  Total Remote Usage
		Usr 0 00:00:00, Sys 0 00:00:00  -  Total Local Usage
	604  -  Run Bytes Sent By Job
	134505376  -  Run Bytes Received By Job
	604  -  Total Bytes Sent By Job
	134505376  -  Total Bytes Received By Job
	Partitionable Resources :    Usage  Request Allocated 
	   Cpus                 :        0       16        16 
	   Disk (KB)            :   131368   150000 439862272 
	   Memory (MB)          :        0        1      1024 
...
000 (934.000.000) 05/21 19:01:27 Job submitted from host: <165.132.104.117:9618?addrs=165.132.104.117-9618&noUDP&sock=21260_7bf6_3>
...
001 (934.000.000) 05/21 19:02:32 Job executing on host: <165.132.104.116:9618?addrs=165.132.104.116-9618&noUDP&sock=13699_4462_3>
...
006 (934.000.000) 05/21 19:02:35 Image size of job updated: 175
	0  -  MemoryUsage of job (MB)
	0  -  ResidentSetSize of job (KB)
...
005 (934.000.000) 05/21 19:02:35 Job terminated.
	(1) Normal termination (return value 0)
		Usr 0 00:00:02, Sys 0 00:00:01  -  Run Remote Usage
		Usr 0 00:00:00, Sys 0 00:00:00  -  Run Local Usage
		Usr 0 00:00:02, Sys 0 00:00:01  -  Total Remote Usage
		Usr 0 00:00:00, Sys 0 00:00:00  -  Total Local Usage
	315  -  Run Bytes Sent By Job
	134501280  -  Run Bytes Received By Job
	315  -  Total Bytes Sent By Job
	134501280  -  Total Bytes Received By Job
	Partitionable Resources :    Usage  Request Allocated 
	   Cpus                 :        0       16        16 
	   Disk (KB)            :   131364   150000 439862272 
	   Memory (MB)          :        0        1      1024 
...
